<?xml version="1.0" encoding="UTF-8"?>
<coverage generated="1652350037081" clover="3.2.0">
  <project timestamp="1652350037081" name="All files">
    <metrics statements="163" coveredstatements="153" conditionals="87" coveredconditionals="70" methods="33" coveredmethods="30" elements="283" coveredelements="253" complexity="0" loc="163" ncloc="163" packages="3" files="9" classes="9"/>
    <package name="dynamicProgramming">
      <metrics statements="22" coveredstatements="22" conditionals="7" coveredconditionals="6" methods="3" coveredmethods="3"/>
      <file name="Fib.js" path="C:\Users\darshan.d.shankar\Desktop\bash\dynamicProgramming\Fib.js">
        <metrics statements="14" coveredstatements="14" conditionals="7" coveredconditionals="6" methods="1" coveredmethods="1"/>
        <line num="1" count="1" type="stmt"/>
        <line num="2" count="1" type="cond" truecount="0" falsecount="1"/>
        <line num="3" count="100" type="cond" truecount="2" falsecount="0"/>
        <line num="4" count="26" type="cond" truecount="2" falsecount="0"/>
        <line num="5" count="23" type="cond" truecount="2" falsecount="0"/>
        <line num="6" count="3" type="stmt"/>
        <line num="7" count="3" type="stmt"/>
        <line num="10" count="20" type="stmt"/>
        <line num="11" count="20" type="stmt"/>
        <line num="12" count="50" type="stmt"/>
        <line num="13" count="50" type="stmt"/>
        <line num="15" count="20" type="stmt"/>
        <line num="16" count="20" type="stmt"/>
        <line num="25" count="1" type="stmt"/>
      </file>
      <file name="performance.js" path="C:\Users\darshan.d.shankar\Desktop\bash\dynamicProgramming\performance.js">
        <metrics statements="8" coveredstatements="8" conditionals="0" coveredconditionals="0" methods="2" coveredmethods="2"/>
        <line num="3" count="1" type="stmt"/>
        <line num="7" count="1" type="stmt"/>
        <line num="11" count="4" type="stmt"/>
        <line num="12" count="4" type="stmt"/>
        <line num="13" count="4" type="stmt"/>
        <line num="14" count="4" type="stmt"/>
        <line num="18" count="4" type="stmt"/>
        <line num="22" count="1" type="stmt"/>
      </file>
    </package>
    <package name="dynamicProgramming.Sort">
      <metrics statements="64" coveredstatements="64" conditionals="40" coveredconditionals="36" methods="9" coveredmethods="9"/>
      <file name="bubbleSort.js" path="C:\Users\darshan.d.shankar\Desktop\bash\dynamicProgramming\Sort\bubbleSort.js">
        <metrics statements="13" coveredstatements="13" conditionals="6" coveredconditionals="5" methods="1" coveredmethods="1"/>
        <line num="2" count="7" type="cond" truecount="1" falsecount="1"/>
        <line num="3" count="7" type="stmt"/>
        <line num="4" count="7" type="stmt"/>
        <line num="5" count="979" type="stmt"/>
        <line num="6" count="979" type="stmt"/>
        <line num="7" count="505143" type="cond" truecount="2" falsecount="0"/>
        <line num="8" count="253083" type="stmt"/>
        <line num="9" count="253083" type="stmt"/>
        <line num="10" count="253083" type="stmt"/>
        <line num="11" count="253083" type="stmt"/>
        <line num="14" count="979" type="cond" truecount="2" falsecount="0"/>
        <line num="17" count="7" type="stmt"/>
        <line num="20" count="1" type="stmt"/>
      </file>
      <file name="insertionSort.js" path="C:\Users\darshan.d.shankar\Desktop\bash\dynamicProgramming\Sort\insertionSort.js">
        <metrics statements="8" coveredstatements="8" conditionals="4" coveredconditionals="3" methods="1" coveredmethods="1"/>
        <line num="2" count="7" type="cond" truecount="1" falsecount="1"/>
        <line num="3" count="7" type="stmt"/>
        <line num="4" count="6993" type="stmt"/>
        <line num="5" count="6993" type="stmt"/>
        <line num="6" count="324254" type="cond" truecount="2" falsecount="0"/>
        <line num="7" count="6993" type="stmt"/>
        <line num="10" count="7" type="stmt"/>
        <line num="14" count="1" type="stmt"/>
      </file>
      <file name="mergeSort.js" path="C:\Users\darshan.d.shankar\Desktop\bash\dynamicProgramming\Sort\mergeSort.js">
        <metrics statements="17" coveredstatements="17" conditionals="10" coveredconditionals="10" methods="2" coveredmethods="2"/>
        <line num="2" count="15992" type="cond" truecount="2" falsecount="0"/>
        <line num="4" count="7992" type="stmt"/>
        <line num="5" count="7992" type="stmt"/>
        <line num="13" count="7992" type="stmt"/>
        <line num="14" count="7992" type="stmt"/>
        <line num="15" count="7992" type="stmt"/>
        <line num="16" count="7992" type="cond" truecount="2" falsecount="0"/>
        <line num="17" count="79808" type="cond" truecount="2" falsecount="0"/>
        <line num="18" count="35978" type="stmt"/>
        <line num="19" count="35978" type="stmt"/>
        <line num="21" count="43830" type="cond" truecount="4" falsecount="0"/>
        <line num="22" count="39456" type="stmt"/>
        <line num="23" count="39456" type="stmt"/>
        <line num="26" count="4374" type="stmt"/>
        <line num="27" count="4374" type="stmt"/>
        <line num="30" count="7992" type="stmt"/>
        <line num="33" count="1" type="stmt"/>
      </file>
      <file name="quickSort.js" path="C:\Users\darshan.d.shankar\Desktop\bash\dynamicProgramming\Sort\quickSort.js">
        <metrics statements="17" coveredstatements="17" conditionals="14" coveredconditionals="13" methods="3" coveredmethods="3"/>
        <line num="2" count="8000" type="cond" truecount="1" falsecount="1"/>
        <line num="3" count="8000" type="cond" truecount="2" falsecount="0"/>
        <line num="5" count="7667" type="stmt"/>
        <line num="6" count="7667" type="cond" truecount="2" falsecount="0"/>
        <line num="7" count="7667" type="cond" truecount="2" falsecount="0"/>
        <line num="8" count="7667" type="stmt"/>
        <line num="13" count="7667" type="stmt"/>
        <line num="14" count="7667" type="stmt"/>
        <line num="15" count="7667" type="stmt"/>
        <line num="16" count="3507882" type="cond" truecount="2" falsecount="0"/>
        <line num="17" count="5616" type="cond" truecount="2" falsecount="0"/>
        <line num="18" count="5616" type="stmt"/>
        <line num="21" count="7667" type="stmt"/>
        <line num="22" count="7667" type="stmt"/>
        <line num="23" count="7667" type="stmt"/>
        <line num="27" count="12800" type="stmt"/>
        <line num="31" count="1" type="stmt"/>
      </file>
      <file name="selectionSort.js" path="C:\Users\darshan.d.shankar\Desktop\bash\dynamicProgramming\Sort\selectionSort.js">
        <metrics statements="9" coveredstatements="9" conditionals="6" coveredconditionals="5" methods="2" coveredmethods="2"/>
        <line num="2" count="7" type="cond" truecount="1" falsecount="1"/>
        <line num="3" count="993" type="stmt"/>
        <line num="4" count="7" type="stmt"/>
        <line num="5" count="6993" type="stmt"/>
        <line num="6" count="6993" type="stmt"/>
        <line num="7" count="3496500" type="cond" truecount="2" falsecount="0"/>
        <line num="9" count="6993" type="cond" truecount="2" falsecount="0"/>
        <line num="12" count="7" type="stmt"/>
        <line num="15" count="1" type="stmt"/>
      </file>
    </package>
    <package name="dynamicProgramming.Sort.MultiThreadSort">
      <metrics statements="77" coveredstatements="67" conditionals="40" coveredconditionals="28" methods="21" coveredmethods="18"/>
      <file name="MultiThreadMergeSort.js" path="C:\Users\darshan.d.shankar\Desktop\bash\dynamicProgramming\Sort\MultiThreadSort\MultiThreadMergeSort.js">
        <metrics statements="36" coveredstatements="32" conditionals="12" coveredconditionals="10" methods="10" coveredmethods="8"/>
        <line num="1" count="1" type="stmt"/>
        <line num="5" count="15" type="cond" truecount="1" falsecount="1"/>
        <line num="6" count="15" type="cond" truecount="1" falsecount="1"/>
        <line num="7" count="0" type="stmt"/>
        <line num="8" count="0" type="stmt"/>
        <line num="9" count="0" type="stmt"/>
        <line num="13" count="0" type="stmt"/>
        <line num="18" count="15" type="stmt"/>
        <line num="20" count="15" type="stmt"/>
        <line num="21" count="15" type="stmt"/>
        <line num="22" count="15" type="stmt"/>
        <line num="23" count="15" type="stmt"/>
        <line num="24" count="15" type="stmt"/>
        <line num="28" count="15" type="stmt"/>
        <line num="29" count="15" type="stmt"/>
        <line num="30" count="15" type="stmt"/>
        <line num="31" count="15" type="stmt"/>
        <line num="32" count="15" type="stmt"/>
        <line num="36" count="15" type="stmt"/>
        <line num="37" count="15" type="stmt"/>
        <line num="38" count="15" type="stmt"/>
        <line num="39" count="15" type="stmt"/>
        <line num="46" count="15" type="stmt"/>
        <line num="47" count="15" type="stmt"/>
        <line num="48" count="15" type="stmt"/>
        <line num="49" count="15" type="cond" truecount="2" falsecount="0"/>
        <line num="50" count="1200000" type="cond" truecount="2" falsecount="0"/>
        <line num="51" count="560000" type="stmt"/>
        <line num="52" count="560000" type="stmt"/>
        <line num="54" count="640000" type="cond" truecount="4" falsecount="0"/>
        <line num="55" count="600000" type="stmt"/>
        <line num="56" count="600000" type="stmt"/>
        <line num="59" count="40000" type="stmt"/>
        <line num="60" count="40000" type="stmt"/>
        <line num="63" count="15" type="stmt"/>
        <line num="66" count="1" type="stmt"/>
      </file>
      <file name="MultiThreadQuickSort.js" path="C:\Users\darshan.d.shankar\Desktop\bash\dynamicProgramming\Sort\MultiThreadSort\MultiThreadQuickSort.js">
        <metrics statements="41" coveredstatements="35" conditionals="28" coveredconditionals="18" methods="11" coveredmethods="10"/>
        <line num="1" count="1" type="stmt"/>
        <line num="4" count="16" type="cond" truecount="1" falsecount="1"/>
        <line num="5" count="16" type="cond" truecount="1" falsecount="1"/>
        <line num="6" count="16" type="cond" truecount="1" falsecount="1"/>
        <line num="7" count="0" type="stmt"/>
        <line num="8" count="0" type="cond" truecount="0" falsecount="2"/>
        <line num="9" count="0" type="stmt"/>
        <line num="11" count="0" type="cond" truecount="0" falsecount="2"/>
        <line num="12" count="0" type="stmt"/>
        <line num="14" count="0" type="stmt"/>
        <line num="17" count="16" type="stmt"/>
        <line num="18" count="16" type="stmt"/>
        <line num="20" count="16" type="cond" truecount="2" falsecount="0"/>
        <line num="21" count="1" type="stmt"/>
        <line num="22" count="1" type="stmt"/>
        <line num="23" count="1" type="stmt"/>
        <line num="24" count="1" type="stmt"/>
        <line num="25" count="1" type="stmt"/>
        <line num="30" count="16" type="cond" truecount="1" falsecount="1"/>
        <line num="31" count="16" type="stmt"/>
        <line num="32" count="16" type="stmt"/>
        <line num="33" count="16" type="stmt"/>
        <line num="34" count="16" type="stmt"/>
        <line num="35" count="16" type="stmt"/>
        <line num="40" count="16" type="stmt"/>
        <line num="41" count="16" type="cond" truecount="4" falsecount="0"/>
        <line num="42" count="1" type="stmt"/>
        <line num="43" count="1" type="stmt"/>
        <line num="45" count="15" type="cond" truecount="1" falsecount="1"/>
        <line num="46" count="15" type="cond" truecount="1" falsecount="1"/>
        <line num="52" count="16" type="stmt"/>
        <line num="53" count="16" type="stmt"/>
        <line num="54" count="16" type="stmt"/>
        <line num="55" count="1439984" type="cond" truecount="2" falsecount="0"/>
        <line num="56" count="75987" type="cond" truecount="2" falsecount="0"/>
        <line num="57" count="75987" type="stmt"/>
        <line num="60" count="16" type="stmt"/>
        <line num="61" count="16" type="stmt"/>
        <line num="62" count="16" type="stmt"/>
        <line num="66" count="76002" type="stmt"/>
        <line num="70" count="1" type="stmt"/>
      </file>
    </package>
  </project>
</coverage>
