{"C:\\Users\\darshan.d.shankar\\Desktop\\bash\\dynamicProgramming\\Fib.js": {"path":"C:\\Users\\darshan.d.shankar\\Desktop\\bash\\dynamicProgramming\\Fib.js","statementMap":{"0":{"start":{"line":1,"column":19},"end":{"line":1,"column":20}},"1":{"start":{"line":2,"column":12},"end":{"line":18,"column":1}},"2":{"start":{"line":3,"column":4},"end":{"line":17,"column":5}},"3":{"start":{"line":3,"column":18},"end":{"line":3,"column":33}},"4":{"start":{"line":4,"column":9},"end":{"line":17,"column":5}},"5":{"start":{"line":4,"column":20},"end":{"line":4,"column":29}},"6":{"start":{"line":5,"column":9},"end":{"line":17,"column":5}},"7":{"start":{"line":6,"column":8},"end":{"line":6,"column":50}},"8":{"start":{"line":7,"column":8},"end":{"line":7,"column":23}},"9":{"start":{"line":10,"column":19},"end":{"line":10,"column":20}},"10":{"start":{"line":11,"column":8},"end":{"line":14,"column":9}},"11":{"start":{"line":12,"column":12},"end":{"line":12,"column":39}},"12":{"start":{"line":13,"column":12},"end":{"line":13,"column":31}},"13":{"start":{"line":15,"column":8},"end":{"line":15,"column":50}},"14":{"start":{"line":16,"column":8},"end":{"line":16,"column":23}},"15":{"start":{"line":25,"column":0},"end":{"line":25,"column":21}}},"fnMap":{"0":{"name":"(anonymous_0)","decl":{"start":{"line":2,"column":12},"end":{"line":2,"column":13}},"loc":{"start":{"line":2,"column":28},"end":{"line":18,"column":1}},"line":2}},"branchMap":{"0":{"loc":{"start":{"line":2,"column":16},"end":{"line":2,"column":23}},"type":"default-arg","locations":[{"start":{"line":2,"column":21},"end":{"line":2,"column":23}}],"line":2},"1":{"loc":{"start":{"line":3,"column":4},"end":{"line":17,"column":5}},"type":"if","locations":[{"start":{"line":3,"column":4},"end":{"line":17,"column":5}},{"start":{"line":4,"column":9},"end":{"line":17,"column":5}}],"line":3},"2":{"loc":{"start":{"line":4,"column":9},"end":{"line":17,"column":5}},"type":"if","locations":[{"start":{"line":4,"column":9},"end":{"line":17,"column":5}},{"start":{"line":5,"column":9},"end":{"line":17,"column":5}}],"line":4},"3":{"loc":{"start":{"line":5,"column":9},"end":{"line":17,"column":5}},"type":"if","locations":[{"start":{"line":5,"column":9},"end":{"line":17,"column":5}},{"start":{"line":9,"column":9},"end":{"line":17,"column":5}}],"line":5}},"s":{"0":1,"1":1,"2":100,"3":74,"4":26,"5":3,"6":23,"7":3,"8":3,"9":20,"10":20,"11":50,"12":50,"13":20,"14":20,"15":1},"f":{"0":100},"b":{"0":[0],"1":[74,26],"2":[3,23],"3":[3,20]},"_coverageSchema":"1a1c01bbd47fc00a2c39e90264f33305004495a9","hash":"628e987ac480bd4eed292430ec067c9251b67dcf"}
,"C:\\Users\\darshan.d.shankar\\Desktop\\bash\\dynamicProgramming\\performance.js": {"path":"C:\\Users\\darshan.d.shankar\\Desktop\\bash\\dynamicProgramming\\performance.js","statementMap":{"0":{"start":{"line":3,"column":6},"end":{"line":3,"column":32}},"1":{"start":{"line":7,"column":8},"end":{"line":7,"column":30}},"2":{"start":{"line":11,"column":19},"end":{"line":11,"column":36}},"3":{"start":{"line":12,"column":23},"end":{"line":12,"column":48}},"4":{"start":{"line":13,"column":19},"end":{"line":13,"column":36}},"5":{"start":{"line":14,"column":8},"end":{"line":17,"column":10}},"6":{"start":{"line":18,"column":8},"end":{"line":18,"column":22}},"7":{"start":{"line":22,"column":0},"end":{"line":22,"column":22}}},"fnMap":{"0":{"name":"(anonymous_0)","decl":{"start":{"line":6,"column":4},"end":{"line":6,"column":5}},"loc":{"start":{"line":6,"column":19},"end":{"line":8,"column":5}},"line":6},"1":{"name":"(anonymous_1)","decl":{"start":{"line":10,"column":4},"end":{"line":10,"column":5}},"loc":{"start":{"line":10,"column":42},"end":{"line":19,"column":5}},"line":10}},"branchMap":{},"s":{"0":1,"1":1,"2":4,"3":4,"4":4,"5":4,"6":4,"7":1},"f":{"0":1,"1":4},"b":{},"_coverageSchema":"1a1c01bbd47fc00a2c39e90264f33305004495a9","hash":"1fcd4ba70a17953410f0e510a038dfd4f86dea07"}
,"C:\\Users\\darshan.d.shankar\\Desktop\\bash\\dynamicProgramming\\Sort\\bubbleSort.js": {"path":"C:\\Users\\darshan.d.shankar\\Desktop\\bash\\dynamicProgramming\\Sort\\bubbleSort.js","statementMap":{"0":{"start":{"line":2,"column":4},"end":{"line":16,"column":5}},"1":{"start":{"line":3,"column":22},"end":{"line":3,"column":27}},"2":{"start":{"line":4,"column":8},"end":{"line":15,"column":9}},"3":{"start":{"line":4,"column":20},"end":{"line":4,"column":21}},"4":{"start":{"line":5,"column":12},"end":{"line":5,"column":28}},"5":{"start":{"line":6,"column":12},"end":{"line":13,"column":13}},"6":{"start":{"line":6,"column":24},"end":{"line":6,"column":25}},"7":{"start":{"line":7,"column":16},"end":{"line":12,"column":17}},"8":{"start":{"line":8,"column":33},"end":{"line":8,"column":39}},"9":{"start":{"line":9,"column":20},"end":{"line":9,"column":38}},"10":{"start":{"line":10,"column":20},"end":{"line":10,"column":36}},"11":{"start":{"line":11,"column":20},"end":{"line":11,"column":35}},"12":{"start":{"line":14,"column":12},"end":{"line":14,"column":31}},"13":{"start":{"line":14,"column":25},"end":{"line":14,"column":31}},"14":{"start":{"line":17,"column":4},"end":{"line":17,"column":15}},"15":{"start":{"line":20,"column":0},"end":{"line":20,"column":28}}},"fnMap":{"0":{"name":"bubbleSort","decl":{"start":{"line":1,"column":9},"end":{"line":1,"column":19}},"loc":{"start":{"line":1,"column":26},"end":{"line":18,"column":1}},"line":1}},"branchMap":{"0":{"loc":{"start":{"line":2,"column":4},"end":{"line":16,"column":5}},"type":"if","locations":[{"start":{"line":2,"column":4},"end":{"line":16,"column":5}},{"start":{},"end":{}}],"line":2},"1":{"loc":{"start":{"line":7,"column":16},"end":{"line":12,"column":17}},"type":"if","locations":[{"start":{"line":7,"column":16},"end":{"line":12,"column":17}},{"start":{},"end":{}}],"line":7},"2":{"loc":{"start":{"line":14,"column":12},"end":{"line":14,"column":31}},"type":"if","locations":[{"start":{"line":14,"column":12},"end":{"line":14,"column":31}},{"start":{},"end":{}}],"line":14}},"s":{"0":7,"1":7,"2":7,"3":7,"4":979,"5":979,"6":979,"7":505143,"8":253083,"9":253083,"10":253083,"11":253083,"12":979,"13":7,"14":7,"15":1},"f":{"0":7},"b":{"0":[7,0],"1":[253083,252060],"2":[7,972]},"_coverageSchema":"1a1c01bbd47fc00a2c39e90264f33305004495a9","hash":"76126b42f6cac57de01857f26234174abbbc0f84"}
,"C:\\Users\\darshan.d.shankar\\Desktop\\bash\\dynamicProgramming\\Sort\\insertionSort.js": {"path":"C:\\Users\\darshan.d.shankar\\Desktop\\bash\\dynamicProgramming\\Sort\\insertionSort.js","statementMap":{"0":{"start":{"line":2,"column":4},"end":{"line":9,"column":5}},"1":{"start":{"line":3,"column":8},"end":{"line":8,"column":9}},"2":{"start":{"line":3,"column":21},"end":{"line":3,"column":22}},"3":{"start":{"line":4,"column":24},"end":{"line":4,"column":30}},"4":{"start":{"line":5,"column":20},"end":{"line":5,"column":21}},"5":{"start":{"line":6,"column":12},"end":{"line":6,"column":74}},"6":{"start":{"line":6,"column":56},"end":{"line":6,"column":74}},"7":{"start":{"line":7,"column":12},"end":{"line":7,"column":25}},"8":{"start":{"line":10,"column":4},"end":{"line":10,"column":15}},"9":{"start":{"line":14,"column":0},"end":{"line":14,"column":31}}},"fnMap":{"0":{"name":"insertionSort","decl":{"start":{"line":1,"column":9},"end":{"line":1,"column":22}},"loc":{"start":{"line":1,"column":29},"end":{"line":11,"column":1}},"line":1}},"branchMap":{"0":{"loc":{"start":{"line":2,"column":4},"end":{"line":9,"column":5}},"type":"if","locations":[{"start":{"line":2,"column":4},"end":{"line":9,"column":5}},{"start":{},"end":{}}],"line":2},"1":{"loc":{"start":{"line":6,"column":26},"end":{"line":6,"column":48}},"type":"binary-expr","locations":[{"start":{"line":6,"column":26},"end":{"line":6,"column":32}},{"start":{"line":6,"column":36},"end":{"line":6,"column":48}}],"line":6}},"s":{"0":7,"1":7,"2":7,"3":6993,"4":6993,"5":6993,"6":324254,"7":6993,"8":7,"9":1},"f":{"0":7},"b":{"0":[7,0],"1":[331247,330726]},"_coverageSchema":"1a1c01bbd47fc00a2c39e90264f33305004495a9","hash":"2142d7a35074e4062a2a4ea2b57f980af9af9c7f"}
,"C:\\Users\\darshan.d.shankar\\Desktop\\bash\\dynamicProgramming\\Sort\\mergeSort.js": {"path":"C:\\Users\\darshan.d.shankar\\Desktop\\bash\\dynamicProgramming\\Sort\\mergeSort.js","statementMap":{"0":{"start":{"line":2,"column":4},"end":{"line":9,"column":5}},"1":{"start":{"line":2,"column":25},"end":{"line":2,"column":36}},"2":{"start":{"line":4,"column":20},"end":{"line":4,"column":46}},"3":{"start":{"line":5,"column":8},"end":{"line":8,"column":10}},"4":{"start":{"line":13,"column":16},"end":{"line":13,"column":18}},"5":{"start":{"line":14,"column":17},"end":{"line":14,"column":18}},"6":{"start":{"line":15,"column":17},"end":{"line":15,"column":18}},"7":{"start":{"line":16,"column":4},"end":{"line":29,"column":5}},"8":{"start":{"line":17,"column":8},"end":{"line":28,"column":9}},"9":{"start":{"line":18,"column":12},"end":{"line":18,"column":35}},"10":{"start":{"line":19,"column":12},"end":{"line":19,"column":21}},"11":{"start":{"line":21,"column":13},"end":{"line":28,"column":9}},"12":{"start":{"line":22,"column":12},"end":{"line":22,"column":35}},"13":{"start":{"line":23,"column":12},"end":{"line":23,"column":21}},"14":{"start":{"line":26,"column":12},"end":{"line":26,"column":35}},"15":{"start":{"line":27,"column":12},"end":{"line":27,"column":21}},"16":{"start":{"line":30,"column":4},"end":{"line":30,"column":15}},"17":{"start":{"line":33,"column":0},"end":{"line":33,"column":27}}},"fnMap":{"0":{"name":"mergeSort","decl":{"start":{"line":1,"column":9},"end":{"line":1,"column":18}},"loc":{"start":{"line":1,"column":24},"end":{"line":10,"column":1}},"line":1},"1":{"name":"merge","decl":{"start":{"line":12,"column":9},"end":{"line":12,"column":14}},"loc":{"start":{"line":12,"column":27},"end":{"line":31,"column":1}},"line":12}},"branchMap":{"0":{"loc":{"start":{"line":2,"column":4},"end":{"line":9,"column":5}},"type":"if","locations":[{"start":{"line":2,"column":4},"end":{"line":9,"column":5}},{"start":{"line":3,"column":9},"end":{"line":9,"column":5}}],"line":2},"1":{"loc":{"start":{"line":16,"column":11},"end":{"line":16,"column":59}},"type":"binary-expr","locations":[{"start":{"line":16,"column":11},"end":{"line":16,"column":33}},{"start":{"line":16,"column":37},"end":{"line":16,"column":59}}],"line":16},"2":{"loc":{"start":{"line":17,"column":8},"end":{"line":28,"column":9}},"type":"if","locations":[{"start":{"line":17,"column":8},"end":{"line":28,"column":9}},{"start":{"line":21,"column":13},"end":{"line":28,"column":9}}],"line":17},"3":{"loc":{"start":{"line":21,"column":13},"end":{"line":28,"column":9}},"type":"if","locations":[{"start":{"line":21,"column":13},"end":{"line":28,"column":9}},{"start":{"line":25,"column":12},"end":{"line":28,"column":9}}],"line":21},"4":{"loc":{"start":{"line":21,"column":16},"end":{"line":21,"column":69}},"type":"binary-expr","locations":[{"start":{"line":21,"column":16},"end":{"line":21,"column":38}},{"start":{"line":21,"column":42},"end":{"line":21,"column":69}}],"line":21}},"s":{"0":15992,"1":8000,"2":7992,"3":7992,"4":7992,"5":7992,"6":7992,"7":7992,"8":79808,"9":35978,"10":35978,"11":43830,"12":39456,"13":39456,"14":4374,"15":4374,"16":7992,"17":1},"f":{"0":15992,"1":7992},"b":{"0":[8000,7992],"1":[87800,43970],"2":[35978,43830],"3":[39456,4374],"4":[43830,43236]},"_coverageSchema":"1a1c01bbd47fc00a2c39e90264f33305004495a9","hash":"79d1a112ad6f1acd20196857cb310923e2ed7416"}
,"C:\\Users\\darshan.d.shankar\\Desktop\\bash\\dynamicProgramming\\Sort\\quickSort.js": {"path":"C:\\Users\\darshan.d.shankar\\Desktop\\bash\\dynamicProgramming\\Sort\\quickSort.js","statementMap":{"0":{"start":{"line":2,"column":4},"end":{"line":9,"column":5}},"1":{"start":{"line":2,"column":25},"end":{"line":2,"column":36}},"2":{"start":{"line":3,"column":9},"end":{"line":9,"column":5}},"3":{"start":{"line":3,"column":32},"end":{"line":3,"column":44}},"4":{"start":{"line":5,"column":25},"end":{"line":5,"column":53}},"5":{"start":{"line":6,"column":8},"end":{"line":6,"column":67}},"6":{"start":{"line":6,"column":33},"end":{"line":6,"column":67}},"7":{"start":{"line":7,"column":8},"end":{"line":7,"column":63}},"8":{"start":{"line":7,"column":31},"end":{"line":7,"column":63}},"9":{"start":{"line":8,"column":8},"end":{"line":8,"column":19}},"10":{"start":{"line":13,"column":19},"end":{"line":13,"column":24}},"11":{"start":{"line":14,"column":18},"end":{"line":14,"column":23}},"12":{"start":{"line":15,"column":4},"end":{"line":20,"column":5}},"13":{"start":{"line":15,"column":17},"end":{"line":15,"column":24}},"14":{"start":{"line":16,"column":8},"end":{"line":19,"column":9}},"15":{"start":{"line":17,"column":12},"end":{"line":17,"column":61}},"16":{"start":{"line":17,"column":37},"end":{"line":17,"column":61}},"17":{"start":{"line":18,"column":12},"end":{"line":18,"column":22}},"18":{"start":{"line":21,"column":4},"end":{"line":21,"column":33}},"19":{"start":{"line":22,"column":4},"end":{"line":22,"column":23}},"20":{"start":{"line":23,"column":4},"end":{"line":23,"column":20}},"21":{"start":{"line":27,"column":4},"end":{"line":27,"column":52}},"22":{"start":{"line":31,"column":0},"end":{"line":31,"column":27}}},"fnMap":{"0":{"name":"quickSort","decl":{"start":{"line":1,"column":9},"end":{"line":1,"column":18}},"loc":{"start":{"line":1,"column":52},"end":{"line":10,"column":1}},"line":1},"1":{"name":"getPivotPtr","decl":{"start":{"line":12,"column":9},"end":{"line":12,"column":20}},"loc":{"start":{"line":12,"column":37},"end":{"line":24,"column":1}},"line":12},"2":{"name":"swap","decl":{"start":{"line":26,"column":9},"end":{"line":26,"column":13}},"loc":{"start":{"line":26,"column":32},"end":{"line":28,"column":1}},"line":26}},"branchMap":{"0":{"loc":{"start":{"line":1,"column":25},"end":{"line":1,"column":32}},"type":"default-arg","locations":[{"start":{"line":1,"column":31},"end":{"line":1,"column":32}}],"line":1},"1":{"loc":{"start":{"line":1,"column":34},"end":{"line":1,"column":50}},"type":"default-arg","locations":[{"start":{"line":1,"column":38},"end":{"line":1,"column":50}}],"line":1},"2":{"loc":{"start":{"line":2,"column":4},"end":{"line":9,"column":5}},"type":"if","locations":[{"start":{"line":2,"column":4},"end":{"line":9,"column":5}},{"start":{"line":3,"column":9},"end":{"line":9,"column":5}}],"line":2},"3":{"loc":{"start":{"line":3,"column":9},"end":{"line":9,"column":5}},"type":"if","locations":[{"start":{"line":3,"column":9},"end":{"line":9,"column":5}},{"start":{"line":4,"column":9},"end":{"line":9,"column":5}}],"line":3},"4":{"loc":{"start":{"line":6,"column":8},"end":{"line":6,"column":67}},"type":"if","locations":[{"start":{"line":6,"column":8},"end":{"line":6,"column":67}},{"start":{},"end":{}}],"line":6},"5":{"loc":{"start":{"line":7,"column":8},"end":{"line":7,"column":63}},"type":"if","locations":[{"start":{"line":7,"column":8},"end":{"line":7,"column":63}},{"start":{},"end":{}}],"line":7},"6":{"loc":{"start":{"line":16,"column":8},"end":{"line":19,"column":9}},"type":"if","locations":[{"start":{"line":16,"column":8},"end":{"line":19,"column":9}},{"start":{},"end":{}}],"line":16},"7":{"loc":{"start":{"line":17,"column":12},"end":{"line":17,"column":61}},"type":"if","locations":[{"start":{"line":17,"column":12},"end":{"line":17,"column":61}},{"start":{},"end":{}}],"line":17}},"s":{"0":8000,"1":0,"2":8000,"3":333,"4":7667,"5":7667,"6":483,"7":7667,"8":7509,"9":7667,"10":7667,"11":7667,"12":7667,"13":7667,"14":3507882,"15":5616,"16":5133,"17":5616,"18":7667,"19":7667,"20":7667,"21":12800,"22":1},"f":{"0":8000,"1":7667,"2":12800},"b":{"0":[8],"1":[8],"2":[0,8000],"3":[333,7667],"4":[483,7184],"5":[7509,158],"6":[5616,3502266],"7":[5133,483]},"_coverageSchema":"1a1c01bbd47fc00a2c39e90264f33305004495a9","hash":"3849f301f1bf116f3f8f2b9b3efe21b5e3400e2a"}
,"C:\\Users\\darshan.d.shankar\\Desktop\\bash\\dynamicProgramming\\Sort\\selectionSort.js": {"path":"C:\\Users\\darshan.d.shankar\\Desktop\\bash\\dynamicProgramming\\Sort\\selectionSort.js","statementMap":{"0":{"start":{"line":2,"column":4},"end":{"line":11,"column":5}},"1":{"start":{"line":3,"column":21},"end":{"line":3,"column":71}},"2":{"start":{"line":3,"column":36},"end":{"line":3,"column":71}},"3":{"start":{"line":4,"column":8},"end":{"line":10,"column":9}},"4":{"start":{"line":4,"column":21},"end":{"line":4,"column":22}},"5":{"start":{"line":5,"column":22},"end":{"line":5,"column":23}},"6":{"start":{"line":6,"column":12},"end":{"line":8,"column":13}},"7":{"start":{"line":6,"column":25},"end":{"line":6,"column":28}},"8":{"start":{"line":7,"column":16},"end":{"line":7,"column":47}},"9":{"start":{"line":7,"column":39},"end":{"line":7,"column":47}},"10":{"start":{"line":9,"column":12},"end":{"line":9,"column":45}},"11":{"start":{"line":9,"column":27},"end":{"line":9,"column":45}},"12":{"start":{"line":12,"column":4},"end":{"line":12,"column":15}},"13":{"start":{"line":15,"column":0},"end":{"line":15,"column":31}}},"fnMap":{"0":{"name":"selectionSort","decl":{"start":{"line":1,"column":9},"end":{"line":1,"column":22}},"loc":{"start":{"line":1,"column":28},"end":{"line":13,"column":1}},"line":1},"1":{"name":"(anonymous_1)","decl":{"start":{"line":3,"column":21},"end":{"line":3,"column":22}},"loc":{"start":{"line":3,"column":36},"end":{"line":3,"column":71}},"line":3}},"branchMap":{"0":{"loc":{"start":{"line":2,"column":4},"end":{"line":11,"column":5}},"type":"if","locations":[{"start":{"line":2,"column":4},"end":{"line":11,"column":5}},{"start":{},"end":{}}],"line":2},"1":{"loc":{"start":{"line":7,"column":16},"end":{"line":7,"column":47}},"type":"if","locations":[{"start":{"line":7,"column":16},"end":{"line":7,"column":47}},{"start":{},"end":{}}],"line":7},"2":{"loc":{"start":{"line":9,"column":12},"end":{"line":9,"column":45}},"type":"if","locations":[{"start":{"line":9,"column":12},"end":{"line":9,"column":45}},{"start":{},"end":{}}],"line":9}},"s":{"0":7,"1":7,"2":993,"3":7,"4":7,"5":6993,"6":6993,"7":6993,"8":3496500,"9":5383,"10":6993,"11":993,"12":7,"13":1},"f":{"0":7,"1":993},"b":{"0":[7,0],"1":[5383,3491117],"2":[993,6000]},"_coverageSchema":"1a1c01bbd47fc00a2c39e90264f33305004495a9","hash":"7e2fef1d0770ed05df30a2e5946b94ed94f4d4dc"}
,"C:\\Users\\darshan.d.shankar\\Desktop\\bash\\dynamicProgramming\\Sort\\MultiThreadSort\\MultiThreadMergeSort.js": {"path":"C:\\Users\\darshan.d.shankar\\Desktop\\bash\\dynamicProgramming\\Sort\\MultiThreadSort\\MultiThreadMergeSort.js","statementMap":{"0":{"start":{"line":1,"column":17},"end":{"line":1,"column":41}},"1":{"start":{"line":5,"column":4},"end":{"line":42,"column":5}},"2":{"start":{"line":5,"column":25},"end":{"line":5,"column":53}},"3":{"start":{"line":6,"column":9},"end":{"line":42,"column":5}},"4":{"start":{"line":7,"column":20},"end":{"line":7,"column":46}},"5":{"start":{"line":8,"column":8},"end":{"line":15,"column":11}},"6":{"start":{"line":9,"column":12},"end":{"line":14,"column":15}},"7":{"start":{"line":13,"column":16},"end":{"line":13,"column":53}},"8":{"start":{"line":18,"column":20},"end":{"line":18,"column":46}},"9":{"start":{"line":20,"column":23},"end":{"line":20,"column":83}},"10":{"start":{"line":21,"column":8},"end":{"line":21,"column":48}},"11":{"start":{"line":22,"column":30},"end":{"line":26,"column":10}},"12":{"start":{"line":23,"column":12},"end":{"line":25,"column":14}},"13":{"start":{"line":24,"column":16},"end":{"line":24,"column":33}},"14":{"start":{"line":28,"column":23},"end":{"line":28,"column":83}},"15":{"start":{"line":29,"column":8},"end":{"line":29,"column":57}},"16":{"start":{"line":30,"column":30},"end":{"line":34,"column":10}},"17":{"start":{"line":31,"column":12},"end":{"line":33,"column":14}},"18":{"start":{"line":32,"column":16},"end":{"line":32,"column":33}},"19":{"start":{"line":36,"column":8},"end":{"line":41,"column":11}},"20":{"start":{"line":37,"column":12},"end":{"line":40,"column":15}},"21":{"start":{"line":38,"column":31},"end":{"line":38,"column":58}},"22":{"start":{"line":39,"column":16},"end":{"line":39,"column":32}},"23":{"start":{"line":46,"column":16},"end":{"line":46,"column":18}},"24":{"start":{"line":47,"column":17},"end":{"line":47,"column":18}},"25":{"start":{"line":48,"column":17},"end":{"line":48,"column":18}},"26":{"start":{"line":49,"column":4},"end":{"line":62,"column":5}},"27":{"start":{"line":50,"column":8},"end":{"line":61,"column":9}},"28":{"start":{"line":51,"column":12},"end":{"line":51,"column":35}},"29":{"start":{"line":52,"column":12},"end":{"line":52,"column":21}},"30":{"start":{"line":54,"column":13},"end":{"line":61,"column":9}},"31":{"start":{"line":55,"column":12},"end":{"line":55,"column":35}},"32":{"start":{"line":56,"column":12},"end":{"line":56,"column":21}},"33":{"start":{"line":59,"column":12},"end":{"line":59,"column":35}},"34":{"start":{"line":60,"column":12},"end":{"line":60,"column":21}},"35":{"start":{"line":63,"column":4},"end":{"line":63,"column":15}},"36":{"start":{"line":66,"column":0},"end":{"line":66,"column":27}}},"fnMap":{"0":{"name":"mergeSort","decl":{"start":{"line":4,"column":10},"end":{"line":4,"column":19}},"loc":{"start":{"line":4,"column":25},"end":{"line":43,"column":1}},"line":4},"1":{"name":"(anonymous_1)","decl":{"start":{"line":8,"column":28},"end":{"line":8,"column":29}},"loc":{"start":{"line":8,"column":40},"end":{"line":15,"column":9}},"line":8},"2":{"name":"(anonymous_2)","decl":{"start":{"line":12,"column":20},"end":{"line":12,"column":21}},"loc":{"start":{"line":12,"column":31},"end":{"line":14,"column":13}},"line":12},"3":{"name":"(anonymous_3)","decl":{"start":{"line":22,"column":42},"end":{"line":22,"column":43}},"loc":{"start":{"line":22,"column":55},"end":{"line":26,"column":9}},"line":22},"4":{"name":"(anonymous_4)","decl":{"start":{"line":23,"column":33},"end":{"line":23,"column":34}},"loc":{"start":{"line":23,"column":42},"end":{"line":25,"column":13}},"line":23},"5":{"name":"(anonymous_5)","decl":{"start":{"line":30,"column":42},"end":{"line":30,"column":43}},"loc":{"start":{"line":30,"column":56},"end":{"line":34,"column":9}},"line":30},"6":{"name":"(anonymous_6)","decl":{"start":{"line":31,"column":33},"end":{"line":31,"column":34}},"loc":{"start":{"line":31,"column":42},"end":{"line":33,"column":13}},"line":31},"7":{"name":"(anonymous_7)","decl":{"start":{"line":36,"column":27},"end":{"line":36,"column":28}},"loc":{"start":{"line":36,"column":40},"end":{"line":41,"column":9}},"line":36},"8":{"name":"(anonymous_8)","decl":{"start":{"line":37,"column":61},"end":{"line":37,"column":62}},"loc":{"start":{"line":37,"column":73},"end":{"line":40,"column":13}},"line":37},"9":{"name":"merge","decl":{"start":{"line":45,"column":9},"end":{"line":45,"column":14}},"loc":{"start":{"line":45,"column":27},"end":{"line":64,"column":1}},"line":45}},"branchMap":{"0":{"loc":{"start":{"line":5,"column":4},"end":{"line":42,"column":5}},"type":"if","locations":[{"start":{"line":5,"column":4},"end":{"line":42,"column":5}},{"start":{"line":6,"column":9},"end":{"line":42,"column":5}}],"line":5},"1":{"loc":{"start":{"line":6,"column":9},"end":{"line":42,"column":5}},"type":"if","locations":[{"start":{"line":6,"column":9},"end":{"line":42,"column":5}},{"start":{"line":17,"column":9},"end":{"line":42,"column":5}}],"line":6},"2":{"loc":{"start":{"line":49,"column":11},"end":{"line":49,"column":59}},"type":"binary-expr","locations":[{"start":{"line":49,"column":11},"end":{"line":49,"column":33}},{"start":{"line":49,"column":37},"end":{"line":49,"column":59}}],"line":49},"3":{"loc":{"start":{"line":50,"column":8},"end":{"line":61,"column":9}},"type":"if","locations":[{"start":{"line":50,"column":8},"end":{"line":61,"column":9}},{"start":{"line":54,"column":13},"end":{"line":61,"column":9}}],"line":50},"4":{"loc":{"start":{"line":54,"column":13},"end":{"line":61,"column":9}},"type":"if","locations":[{"start":{"line":54,"column":13},"end":{"line":61,"column":9}},{"start":{"line":58,"column":12},"end":{"line":61,"column":9}}],"line":54},"5":{"loc":{"start":{"line":54,"column":16},"end":{"line":54,"column":69}},"type":"binary-expr","locations":[{"start":{"line":54,"column":16},"end":{"line":54,"column":38}},{"start":{"line":54,"column":42},"end":{"line":54,"column":69}}],"line":54}},"s":{"0":1,"1":15,"2":0,"3":15,"4":0,"5":0,"6":0,"7":0,"8":15,"9":15,"10":15,"11":15,"12":15,"13":15,"14":15,"15":15,"16":15,"17":15,"18":15,"19":15,"20":15,"21":15,"22":15,"23":15,"24":15,"25":15,"26":15,"27":1200000,"28":560000,"29":560000,"30":640000,"31":600000,"32":600000,"33":40000,"34":40000,"35":15,"36":1},"f":{"0":15,"1":0,"2":0,"3":15,"4":15,"5":15,"6":15,"7":15,"8":15,"9":15},"b":{"0":[0,15],"1":[0,15],"2":[1200015,560015],"3":[560000,640000],"4":[600000,40000],"5":[640000,639999]},"_coverageSchema":"1a1c01bbd47fc00a2c39e90264f33305004495a9","hash":"0e85139802c155e95644428eaabd0dcd7920f2a9"}
,"C:\\Users\\darshan.d.shankar\\Desktop\\bash\\dynamicProgramming\\Sort\\MultiThreadSort\\MultiThreadQuickSort.js": {"path":"C:\\Users\\darshan.d.shankar\\Desktop\\bash\\dynamicProgramming\\Sort\\MultiThreadSort\\MultiThreadQuickSort.js","statementMap":{"0":{"start":{"line":1,"column":17},"end":{"line":1,"column":41}},"1":{"start":{"line":4,"column":4},"end":{"line":48,"column":5}},"2":{"start":{"line":4,"column":25},"end":{"line":4,"column":53}},"3":{"start":{"line":5,"column":9},"end":{"line":48,"column":5}},"4":{"start":{"line":5,"column":32},"end":{"line":5,"column":44}},"5":{"start":{"line":6,"column":9},"end":{"line":48,"column":5}},"6":{"start":{"line":7,"column":25},"end":{"line":7,"column":53}},"7":{"start":{"line":8,"column":8},"end":{"line":9,"column":46}},"8":{"start":{"line":9,"column":12},"end":{"line":9,"column":46}},"9":{"start":{"line":11,"column":8},"end":{"line":12,"column":44}},"10":{"start":{"line":12,"column":12},"end":{"line":12,"column":44}},"11":{"start":{"line":14,"column":8},"end":{"line":14,"column":36}},"12":{"start":{"line":17,"column":25},"end":{"line":17,"column":53}},"13":{"start":{"line":18,"column":59},"end":{"line":18,"column":63}},"14":{"start":{"line":20,"column":8},"end":{"line":28,"column":9}},"15":{"start":{"line":21,"column":12},"end":{"line":21,"column":82}},"16":{"start":{"line":22,"column":12},"end":{"line":22,"column":69}},"17":{"start":{"line":23,"column":12},"end":{"line":27,"column":15}},"18":{"start":{"line":24,"column":16},"end":{"line":26,"column":19}},"19":{"start":{"line":25,"column":20},"end":{"line":25,"column":37}},"20":{"start":{"line":30,"column":8},"end":{"line":38,"column":9}},"21":{"start":{"line":31,"column":12},"end":{"line":31,"column":82}},"22":{"start":{"line":32,"column":12},"end":{"line":32,"column":67}},"23":{"start":{"line":33,"column":12},"end":{"line":37,"column":15}},"24":{"start":{"line":34,"column":16},"end":{"line":36,"column":19}},"25":{"start":{"line":35,"column":20},"end":{"line":35,"column":37}},"26":{"start":{"line":40,"column":8},"end":{"line":47,"column":11}},"27":{"start":{"line":41,"column":12},"end":{"line":46,"column":77}},"28":{"start":{"line":42,"column":16},"end":{"line":44,"column":19}},"29":{"start":{"line":43,"column":20},"end":{"line":43,"column":37}},"30":{"start":{"line":45,"column":17},"end":{"line":46,"column":77}},"31":{"start":{"line":45,"column":35},"end":{"line":45,"column":77}},"32":{"start":{"line":45,"column":63},"end":{"line":45,"column":75}},"33":{"start":{"line":46,"column":17},"end":{"line":46,"column":77}},"34":{"start":{"line":46,"column":35},"end":{"line":46,"column":77}},"35":{"start":{"line":46,"column":63},"end":{"line":46,"column":75}},"36":{"start":{"line":52,"column":19},"end":{"line":52,"column":24}},"37":{"start":{"line":53,"column":18},"end":{"line":53,"column":23}},"38":{"start":{"line":54,"column":4},"end":{"line":59,"column":5}},"39":{"start":{"line":54,"column":17},"end":{"line":54,"column":24}},"40":{"start":{"line":55,"column":8},"end":{"line":58,"column":9}},"41":{"start":{"line":56,"column":12},"end":{"line":56,"column":61}},"42":{"start":{"line":56,"column":37},"end":{"line":56,"column":61}},"43":{"start":{"line":57,"column":12},"end":{"line":57,"column":22}},"44":{"start":{"line":60,"column":4},"end":{"line":60,"column":33}},"45":{"start":{"line":61,"column":4},"end":{"line":61,"column":23}},"46":{"start":{"line":62,"column":4},"end":{"line":62,"column":20}},"47":{"start":{"line":66,"column":4},"end":{"line":66,"column":52}},"48":{"start":{"line":70,"column":0},"end":{"line":70,"column":27}}},"fnMap":{"0":{"name":"quickSort","decl":{"start":{"line":3,"column":9},"end":{"line":3,"column":18}},"loc":{"start":{"line":3,"column":51},"end":{"line":49,"column":1}},"line":3},"1":{"name":"(anonymous_1)","decl":{"start":{"line":23,"column":40},"end":{"line":23,"column":41}},"loc":{"start":{"line":23,"column":53},"end":{"line":27,"column":13}},"line":23},"2":{"name":"(anonymous_2)","decl":{"start":{"line":24,"column":37},"end":{"line":24,"column":38}},"loc":{"start":{"line":24,"column":45},"end":{"line":26,"column":17}},"line":24},"3":{"name":"(anonymous_3)","decl":{"start":{"line":33,"column":40},"end":{"line":33,"column":41}},"loc":{"start":{"line":33,"column":53},"end":{"line":37,"column":13}},"line":33},"4":{"name":"(anonymous_4)","decl":{"start":{"line":34,"column":37},"end":{"line":34,"column":38}},"loc":{"start":{"line":34,"column":45},"end":{"line":36,"column":17}},"line":34},"5":{"name":"(anonymous_5)","decl":{"start":{"line":40,"column":27},"end":{"line":40,"column":28}},"loc":{"start":{"line":40,"column":40},"end":{"line":47,"column":9}},"line":40},"6":{"name":"(anonymous_6)","decl":{"start":{"line":42,"column":65},"end":{"line":42,"column":66}},"loc":{"start":{"line":42,"column":75},"end":{"line":44,"column":17}},"line":42},"7":{"name":"(anonymous_7)","decl":{"start":{"line":45,"column":54},"end":{"line":45,"column":55}},"loc":{"start":{"line":45,"column":63},"end":{"line":45,"column":75}},"line":45},"8":{"name":"(anonymous_8)","decl":{"start":{"line":46,"column":54},"end":{"line":46,"column":55}},"loc":{"start":{"line":46,"column":63},"end":{"line":46,"column":75}},"line":46},"9":{"name":"getPivotPtr","decl":{"start":{"line":51,"column":9},"end":{"line":51,"column":20}},"loc":{"start":{"line":51,"column":37},"end":{"line":63,"column":1}},"line":51},"10":{"name":"swap","decl":{"start":{"line":65,"column":9},"end":{"line":65,"column":13}},"loc":{"start":{"line":65,"column":32},"end":{"line":67,"column":1}},"line":65}},"branchMap":{"0":{"loc":{"start":{"line":3,"column":24},"end":{"line":3,"column":31}},"type":"default-arg","locations":[{"start":{"line":3,"column":30},"end":{"line":3,"column":31}}],"line":3},"1":{"loc":{"start":{"line":3,"column":33},"end":{"line":3,"column":49}},"type":"default-arg","locations":[{"start":{"line":3,"column":37},"end":{"line":3,"column":49}}],"line":3},"2":{"loc":{"start":{"line":4,"column":4},"end":{"line":48,"column":5}},"type":"if","locations":[{"start":{"line":4,"column":4},"end":{"line":48,"column":5}},{"start":{"line":5,"column":9},"end":{"line":48,"column":5}}],"line":4},"3":{"loc":{"start":{"line":5,"column":9},"end":{"line":48,"column":5}},"type":"if","locations":[{"start":{"line":5,"column":9},"end":{"line":48,"column":5}},{"start":{"line":6,"column":9},"end":{"line":48,"column":5}}],"line":5},"4":{"loc":{"start":{"line":6,"column":9},"end":{"line":48,"column":5}},"type":"if","locations":[{"start":{"line":6,"column":9},"end":{"line":48,"column":5}},{"start":{"line":16,"column":9},"end":{"line":48,"column":5}}],"line":6},"5":{"loc":{"start":{"line":8,"column":8},"end":{"line":9,"column":46}},"type":"if","locations":[{"start":{"line":8,"column":8},"end":{"line":9,"column":46}},{"start":{},"end":{}}],"line":8},"6":{"loc":{"start":{"line":11,"column":8},"end":{"line":12,"column":44}},"type":"if","locations":[{"start":{"line":11,"column":8},"end":{"line":12,"column":44}},{"start":{},"end":{}}],"line":11},"7":{"loc":{"start":{"line":20,"column":8},"end":{"line":28,"column":9}},"type":"if","locations":[{"start":{"line":20,"column":8},"end":{"line":28,"column":9}},{"start":{},"end":{}}],"line":20},"8":{"loc":{"start":{"line":30,"column":8},"end":{"line":38,"column":9}},"type":"if","locations":[{"start":{"line":30,"column":8},"end":{"line":38,"column":9}},{"start":{},"end":{}}],"line":30},"9":{"loc":{"start":{"line":41,"column":12},"end":{"line":46,"column":77}},"type":"if","locations":[{"start":{"line":41,"column":12},"end":{"line":46,"column":77}},{"start":{"line":45,"column":17},"end":{"line":46,"column":77}}],"line":41},"10":{"loc":{"start":{"line":41,"column":15},"end":{"line":41,"column":45}},"type":"binary-expr","locations":[{"start":{"line":41,"column":15},"end":{"line":41,"column":28}},{"start":{"line":41,"column":32},"end":{"line":41,"column":45}}],"line":41},"11":{"loc":{"start":{"line":45,"column":17},"end":{"line":46,"column":77}},"type":"if","locations":[{"start":{"line":45,"column":17},"end":{"line":46,"column":77}},{"start":{"line":46,"column":17},"end":{"line":46,"column":77}}],"line":45},"12":{"loc":{"start":{"line":46,"column":17},"end":{"line":46,"column":77}},"type":"if","locations":[{"start":{"line":46,"column":17},"end":{"line":46,"column":77}},{"start":{},"end":{}}],"line":46},"13":{"loc":{"start":{"line":55,"column":8},"end":{"line":58,"column":9}},"type":"if","locations":[{"start":{"line":55,"column":8},"end":{"line":58,"column":9}},{"start":{},"end":{}}],"line":55},"14":{"loc":{"start":{"line":56,"column":12},"end":{"line":56,"column":61}},"type":"if","locations":[{"start":{"line":56,"column":12},"end":{"line":56,"column":61}},{"start":{},"end":{}}],"line":56}},"s":{"0":1,"1":16,"2":0,"3":16,"4":0,"5":16,"6":0,"7":0,"8":0,"9":0,"10":0,"11":0,"12":16,"13":16,"14":16,"15":1,"16":1,"17":1,"18":1,"19":1,"20":16,"21":16,"22":16,"23":16,"24":16,"25":16,"26":16,"27":16,"28":1,"29":1,"30":15,"31":0,"32":0,"33":15,"34":15,"35":15,"36":16,"37":16,"38":16,"39":16,"40":1439984,"41":75987,"42":75986,"43":75987,"44":16,"45":16,"46":16,"47":76002,"48":1},"f":{"0":16,"1":1,"2":1,"3":16,"4":16,"5":16,"6":1,"7":0,"8":15,"9":16,"10":76002},"b":{"0":[16],"1":[16],"2":[0,16],"3":[0,16],"4":[0,16],"5":[0,0],"6":[0,0],"7":[1,15],"8":[16,0],"9":[1,15],"10":[16,1],"11":[0,15],"12":[15,0],"13":[75987,1363997],"14":[75986,1]},"_coverageSchema":"1a1c01bbd47fc00a2c39e90264f33305004495a9","hash":"671c7878991f63f0eaf143c489b7aedb52adf214"}
}
