TN:
SF:Fib.js
FN:2,(anonymous_0)
FNF:1
FNH:1
FNDA:100,(anonymous_0)
DA:1,1
DA:2,1
DA:3,100
DA:4,26
DA:5,23
DA:6,3
DA:7,3
DA:10,20
DA:11,20
DA:12,50
DA:13,50
DA:15,20
DA:16,20
DA:25,1
LF:14
LH:14
BRDA:2,0,0,0
BRDA:3,1,0,74
BRDA:3,1,1,26
BRDA:4,2,0,3
BRDA:4,2,1,23
BRDA:5,3,0,3
BRDA:5,3,1,20
BRF:7
BRH:6
end_of_record
TN:
SF:performance.js
FN:6,(anonymous_0)
FN:10,(anonymous_1)
FNF:2
FNH:2
FNDA:1,(anonymous_0)
FNDA:4,(anonymous_1)
DA:3,1
DA:7,1
DA:11,4
DA:12,4
DA:13,4
DA:14,4
DA:18,4
DA:22,1
LF:8
LH:8
BRF:0
BRH:0
end_of_record
TN:
SF:Sort\bubbleSort.js
FN:1,bubbleSort
FNF:1
FNH:1
FNDA:7,bubbleSort
DA:2,7
DA:3,7
DA:4,7
DA:5,979
DA:6,979
DA:7,505143
DA:8,253083
DA:9,253083
DA:10,253083
DA:11,253083
DA:14,979
DA:17,7
DA:20,1
LF:13
LH:13
BRDA:2,0,0,7
BRDA:2,0,1,0
BRDA:7,1,0,253083
BRDA:7,1,1,252060
BRDA:14,2,0,7
BRDA:14,2,1,972
BRF:6
BRH:5
end_of_record
TN:
SF:Sort\insertionSort.js
FN:1,insertionSort
FNF:1
FNH:1
FNDA:7,insertionSort
DA:2,7
DA:3,7
DA:4,6993
DA:5,6993
DA:6,324254
DA:7,6993
DA:10,7
DA:14,1
LF:8
LH:8
BRDA:2,0,0,7
BRDA:2,0,1,0
BRDA:6,1,0,331247
BRDA:6,1,1,330726
BRF:4
BRH:3
end_of_record
TN:
SF:Sort\mergeSort.js
FN:1,mergeSort
FN:12,merge
FNF:2
FNH:2
FNDA:15992,mergeSort
FNDA:7992,merge
DA:2,15992
DA:4,7992
DA:5,7992
DA:13,7992
DA:14,7992
DA:15,7992
DA:16,7992
DA:17,79808
DA:18,35978
DA:19,35978
DA:21,43830
DA:22,39456
DA:23,39456
DA:26,4374
DA:27,4374
DA:30,7992
DA:33,1
LF:17
LH:17
BRDA:2,0,0,8000
BRDA:2,0,1,7992
BRDA:16,1,0,87800
BRDA:16,1,1,43970
BRDA:17,2,0,35978
BRDA:17,2,1,43830
BRDA:21,3,0,39456
BRDA:21,3,1,4374
BRDA:21,4,0,43830
BRDA:21,4,1,43236
BRF:10
BRH:10
end_of_record
TN:
SF:Sort\quickSort.js
FN:1,quickSort
FN:12,getPivotPtr
FN:26,swap
FNF:3
FNH:3
FNDA:8000,quickSort
FNDA:7667,getPivotPtr
FNDA:12800,swap
DA:2,8000
DA:3,8000
DA:5,7667
DA:6,7667
DA:7,7667
DA:8,7667
DA:13,7667
DA:14,7667
DA:15,7667
DA:16,3507882
DA:17,5616
DA:18,5616
DA:21,7667
DA:22,7667
DA:23,7667
DA:27,12800
DA:31,1
LF:17
LH:17
BRDA:1,0,0,8
BRDA:1,1,0,8
BRDA:2,2,0,0
BRDA:2,2,1,8000
BRDA:3,3,0,333
BRDA:3,3,1,7667
BRDA:6,4,0,483
BRDA:6,4,1,7184
BRDA:7,5,0,7509
BRDA:7,5,1,158
BRDA:16,6,0,5616
BRDA:16,6,1,3502266
BRDA:17,7,0,5133
BRDA:17,7,1,483
BRF:14
BRH:13
end_of_record
TN:
SF:Sort\selectionSort.js
FN:1,selectionSort
FN:3,(anonymous_1)
FNF:2
FNH:2
FNDA:7,selectionSort
FNDA:993,(anonymous_1)
DA:2,7
DA:3,993
DA:4,7
DA:5,6993
DA:6,6993
DA:7,3496500
DA:9,6993
DA:12,7
DA:15,1
LF:9
LH:9
BRDA:2,0,0,7
BRDA:2,0,1,0
BRDA:7,1,0,5383
BRDA:7,1,1,3491117
BRDA:9,2,0,993
BRDA:9,2,1,6000
BRF:6
BRH:5
end_of_record
TN:
SF:Sort\MultiThreadSort\MultiThreadMergeSort.js
FN:4,mergeSort
FN:8,(anonymous_1)
FN:12,(anonymous_2)
FN:22,(anonymous_3)
FN:23,(anonymous_4)
FN:30,(anonymous_5)
FN:31,(anonymous_6)
FN:36,(anonymous_7)
FN:37,(anonymous_8)
FN:45,merge
FNF:10
FNH:8
FNDA:15,mergeSort
FNDA:0,(anonymous_1)
FNDA:0,(anonymous_2)
FNDA:15,(anonymous_3)
FNDA:15,(anonymous_4)
FNDA:15,(anonymous_5)
FNDA:15,(anonymous_6)
FNDA:15,(anonymous_7)
FNDA:15,(anonymous_8)
FNDA:15,merge
DA:1,1
DA:5,15
DA:6,15
DA:7,0
DA:8,0
DA:9,0
DA:13,0
DA:18,15
DA:20,15
DA:21,15
DA:22,15
DA:23,15
DA:24,15
DA:28,15
DA:29,15
DA:30,15
DA:31,15
DA:32,15
DA:36,15
DA:37,15
DA:38,15
DA:39,15
DA:46,15
DA:47,15
DA:48,15
DA:49,15
DA:50,1200000
DA:51,560000
DA:52,560000
DA:54,640000
DA:55,600000
DA:56,600000
DA:59,40000
DA:60,40000
DA:63,15
DA:66,1
LF:36
LH:32
BRDA:5,0,0,0
BRDA:5,0,1,15
BRDA:6,1,0,0
BRDA:6,1,1,15
BRDA:49,2,0,1200015
BRDA:49,2,1,560015
BRDA:50,3,0,560000
BRDA:50,3,1,640000
BRDA:54,4,0,600000
BRDA:54,4,1,40000
BRDA:54,5,0,640000
BRDA:54,5,1,639999
BRF:12
BRH:10
end_of_record
TN:
SF:Sort\MultiThreadSort\MultiThreadQuickSort.js
FN:3,quickSort
FN:23,(anonymous_1)
FN:24,(anonymous_2)
FN:33,(anonymous_3)
FN:34,(anonymous_4)
FN:40,(anonymous_5)
FN:42,(anonymous_6)
FN:45,(anonymous_7)
FN:46,(anonymous_8)
FN:51,getPivotPtr
FN:65,swap
FNF:11
FNH:10
FNDA:16,quickSort
FNDA:1,(anonymous_1)
FNDA:1,(anonymous_2)
FNDA:16,(anonymous_3)
FNDA:16,(anonymous_4)
FNDA:16,(anonymous_5)
FNDA:1,(anonymous_6)
FNDA:0,(anonymous_7)
FNDA:15,(anonymous_8)
FNDA:16,getPivotPtr
FNDA:76002,swap
DA:1,1
DA:4,16
DA:5,16
DA:6,16
DA:7,0
DA:8,0
DA:9,0
DA:11,0
DA:12,0
DA:14,0
DA:17,16
DA:18,16
DA:20,16
DA:21,1
DA:22,1
DA:23,1
DA:24,1
DA:25,1
DA:30,16
DA:31,16
DA:32,16
DA:33,16
DA:34,16
DA:35,16
DA:40,16
DA:41,16
DA:42,1
DA:43,1
DA:45,15
DA:46,15
DA:52,16
DA:53,16
DA:54,16
DA:55,1439984
DA:56,75987
DA:57,75987
DA:60,16
DA:61,16
DA:62,16
DA:66,76002
DA:70,1
LF:41
LH:35
BRDA:3,0,0,16
BRDA:3,1,0,16
BRDA:4,2,0,0
BRDA:4,2,1,16
BRDA:5,3,0,0
BRDA:5,3,1,16
BRDA:6,4,0,0
BRDA:6,4,1,16
BRDA:8,5,0,0
BRDA:8,5,1,0
BRDA:11,6,0,0
BRDA:11,6,1,0
BRDA:20,7,0,1
BRDA:20,7,1,15
BRDA:30,8,0,16
BRDA:30,8,1,0
BRDA:41,9,0,1
BRDA:41,9,1,15
BRDA:41,10,0,16
BRDA:41,10,1,1
BRDA:45,11,0,0
BRDA:45,11,1,15
BRDA:46,12,0,15
BRDA:46,12,1,0
BRDA:55,13,0,75987
BRDA:55,13,1,1363997
BRDA:56,14,0,75986
BRDA:56,14,1,1
BRF:28
BRH:18
end_of_record
